<?xml version="1.0" encoding="UTF-8"?>
<!-- Generated by org.testng.reporters.JUnitReportReporter -->
<testsuite hostname="DESKTOP-4J5DF41" failures="0" tests="1" name="scripts.Hms" time="21.227" errors="0" timestamp="2024-10-24T18:35:57 IST" skipped="0">
  <testcase classname="scripts.Hms" name="launchbrowser" time="21.227"/>
</testsuite> <!-- scripts.Hms -->
