<?xml version="1.0" encoding="UTF-8"?>
<!-- Generated by org.testng.reporters.JUnitReportReporter -->
<testsuite hostname="DESKTOP-4J5DF41" failures="0" tests="1" name="scripts.addPatients" time="20.672" errors="0" timestamp="2024-11-03T14:57:03 IST" skipped="0">
  <testcase classname="scripts.addPatients" name="patients" time="20.672"/>
</testsuite> <!-- scripts.addPatients -->
