<?xml version="1.0" encoding="UTF-8"?>
<!-- Generated by org.testng.reporters.JUnitReportReporter -->
<testsuite hostname="DESKTOP-4J5DF41" failures="0" tests="2" name="scripts.LoginPage" time="6.298" errors="0" timestamp="2024-11-03T14:17:12 IST" skipped="0">
  <testcase classname="scripts.LoginPage" name="launchbrowser" time="4.920"/>
  <testcase classname="scripts.LoginPage" name="signin" time="1.378"/>
</testsuite> <!-- scripts.LoginPage -->
