<?xml version="1.0" encoding="UTF-8"?>
<!-- Generated by org.testng.reporters.JUnitReportReporter -->
<testsuite hostname="DESKTOP-4J5DF41" failures="0" tests="5" name="scripts.AddPatientTest" time="187.780" errors="0" timestamp="2024-11-03T15:05:19 IST" skipped="0">
  <testcase classname="scripts.AddPatientTest" name="addNewPatient" time="36.889"/>
  <testcase classname="scripts.AddPatientTest" name="addNewPatient" time="39.206"/>
  <testcase classname="scripts.AddPatientTest" name="addNewPatient" time="37.292"/>
  <testcase classname="scripts.AddPatientTest" name="addNewPatient" time="37.336"/>
  <testcase classname="scripts.AddPatientTest" name="addNewPatient" time="37.057"/>
</testsuite> <!-- scripts.AddPatientTest -->
